<?xml version="1.0" encoding="UTF-8"?>
<!-- Generated by org.testng.reporters.JUnitXMLReporter -->
<testsuite ignored="0" hostname="HH13" failures="0" tests="3" name="TestCycle-3" time="17.857" errors="0" timestamp="2024-03-09T12:54:38 IST">
  <testcase classname="utilities.ExcelUtility" name="Inputdata" time="1.848"/>
  <testcase classname="utilities.ExcelUtility" name="Inputdata" time="1.899"/>
  <testcase classname="utilities.ExcelUtility" name="Inputdata" time="1.857"/>
</testsuite> <!-- TestCycle-3 -->
