<?xml version="1.0" encoding="UTF-8"?>
<!-- Generated by org.testng.reporters.JUnitXMLReporter -->
<testsuite ignored="0" hostname="HH13" failures="1" tests="2" name="TestCycle-2" time="12.733" errors="0" timestamp="2024-03-09T11:16:55 IST">
  <testcase classname="utilities.MyListener" name="extentReportDemo" time="0.788"/>
  <testcase classname="utilities.MyListener" name="ListenersMethod" time="10.293">
    <failure type="java.lang.AssertionError" message="expected [true] but found [false]">
      <![CDATA[java.lang.AssertionError: expected [true] but found [false]
at utilities.MyListener.ListenersMethod(MyListener.java:54)
at java.base/java.util.ArrayList.forEach(ArrayList.java:1511)
... Removed 31 stack frames]]>
    </failure>
  </testcase> <!-- ListenersMethod -->
</testsuite> <!-- TestCycle-2 -->
