<?xml version="1.0" encoding="UTF-8"?>
<!-- Generated by org.testng.reporters.JUnitXMLReporter -->
<testsuite ignored="0" hostname="HH13" failures="0" tests="3" name="TestCycle-3" time="21.241" errors="0" timestamp="2024-03-09T11:17:16 IST">
  <testcase classname="utilities.ExcelUtility" name="Inputdata" time="2.732"/>
  <testcase classname="utilities.ExcelUtility" name="Inputdata" time="4.032"/>
  <testcase classname="utilities.ExcelUtility" name="Inputdata" time="1.886"/>
</testsuite> <!-- TestCycle-3 -->
